!aSESSION 2012-07-26 16:12:37.935 -----------------------------------------------
eclipse.buildId=I20120608-1400
java.version=1.6.0_26
java.vendor=Apple Inc.
BootLoader constants: OS=macosx, ARCH=x86_64, WS=cocoa, NL=en_US
Framework arguments:  -product org.eclipse.platform.ide
Command-line arguments:  -product org.eclipse.platform.ide -data /Users/stampie/Documents/eclipse/juno/../runtime-EMF-IncQuery -dev file:/Users/stampie/Documents/eclipse/juno/.metadata/.plugins/org.eclipse.pde.core/EMF-IncQuery/dev.properties -os macosx -ws cocoa -arch x86_64 -consoleLog

!ENTRY org.eclipse.core.resources 2 10035 2012-07-26 16:13:03.337
!MESSAGE The workspace exited with unsaved changes in the previous session; refreshing workspace to recover changes.
No binding table for org.eclipse.ui.contexts.dialog

!ENTRY org.eclipse.core.net 1 0 2012-07-26 16:13:21.712
!MESSAGE System property http.nonProxyHosts has been set to local|*.local|169.254/16|*.169.254/16 by an external source. This value will be overwritten using the values from the preferences

!ENTRY org.eclipse.osgi 2 0 2012-07-26 16:13:34.225
!MESSAGE While loading class "org.eclipse.core.filebuffers.FileBuffers", thread "Thread[Worker-3,5,main]" timed out waiting (3ms) for thread "Thread[Thread-1,6,main]" to finish starting bundle "org.eclipse.core.filebuffers_3.5.200.v20120523-1310 [890]". To avoid deadlock, thread "Thread[Worker-3,5,main]" is proceeding but "org.eclipse.core.filebuffers.FileBuffers" may not be fully initialized.
!STACK 0
org.osgi.framework.BundleException: State change in progress for bundle "reference:file:/Applications/Juno.app/Contents/Resources/Java/plugins/org.eclipse.core.filebuffers_3.5.200.v20120523-1310.jar" by thread "Thread-1".
	at org.eclipse.osgi.framework.internal.core.AbstractBundle.beginStateChange(AbstractBundle.java:1088)
	at org.eclipse.osgi.framework.internal.core.AbstractBundle.start(AbstractBundle.java:298)
	at org.eclipse.osgi.framework.util.SecureAction.start(SecureAction.java:440)
	at org.eclipse.osgi.internal.loader.BundleLoader.setLazyTrigger(BundleLoader.java:263)
	at org.eclipse.core.runtime.internal.adaptor.EclipseLazyStarter.postFindLocalClass(EclipseLazyStarter.java:107)
	at org.eclipse.osgi.baseadaptor.loader.ClasspathManager.findLocalClass(ClasspathManager.java:469)
	at org.eclipse.osgi.internal.baseadaptor.DefaultClassLoader.findLocalClass(DefaultClassLoader.java:216)
	at org.eclipse.osgi.internal.loader.BundleLoader.findLocalClass(BundleLoader.java:395)
	at org.eclipse.osgi.internal.loader.SingleSourcePackage.loadClass(SingleSourcePackage.java:35)
	at org.eclipse.osgi.internal.loader.BundleLoader.findClassInternal(BundleLoader.java:461)
	at org.eclipse.osgi.internal.loader.BundleLoader.findClass(BundleLoader.java:421)
	at org.eclipse.osgi.internal.loader.BundleLoader.findClass(BundleLoader.java:412)
	at org.eclipse.osgi.internal.baseadaptor.DefaultClassLoader.loadClass(DefaultClassLoader.java:107)
	at java.lang.ClassLoader.loadClass(ClassLoader.java:247)
	at org.eclipse.pde.internal.core.builders.XMLErrorReporter.<init>(XMLErrorReporter.java:71)
	at org.eclipse.pde.internal.core.builders.ManifestErrorReporter.<init>(ManifestErrorReporter.java:30)
	at org.eclipse.pde.internal.core.builders.ExtensionsErrorReporter.<init>(ExtensionsErrorReporter.java:37)
	at org.eclipse.pde.internal.core.builders.ManifestConsistencyChecker.validateFiles(ManifestConsistencyChecker.java:286)
	at org.eclipse.pde.internal.core.builders.ManifestConsistencyChecker.validateProject(ManifestConsistencyChecker.java:223)
	at org.eclipse.pde.internal.core.builders.ManifestConsistencyChecker.build(ManifestConsistencyChecker.java:157)
	at org.eclipse.core.internal.events.BuildManager$2.run(BuildManager.java:728)
	at org.eclipse.core.runtime.SafeRunner.run(SafeRunner.java:42)
	at org.eclipse.core.internal.events.BuildManager.basicBuild(BuildManager.java:199)
	at org.eclipse.core.internal.events.BuildManager.basicBuild(BuildManager.java:239)
	at org.eclipse.core.internal.events.BuildManager$1.run(BuildManager.java:292)
	at org.eclipse.core.runtime.SafeRunner.run(SafeRunner.java:42)
	at org.eclipse.core.internal.events.BuildManager.basicBuild(BuildManager.java:295)
	at org.eclipse.core.internal.events.BuildManager.basicBuildLoop(BuildManager.java:351)
	at org.eclipse.core.internal.events.BuildManager.build(BuildManager.java:374)
	at org.eclipse.core.internal.events.AutoBuildJob.doBuild(AutoBuildJob.java:143)
	at org.eclipse.core.internal.events.AutoBuildJob.run(AutoBuildJob.java:241)
	at org.eclipse.core.internal.jobs.Worker.run(Worker.java:54)
Caused by: org.eclipse.osgi.framework.internal.core.AbstractBundle$BundleStatusException
	... 32 more
Root exception:
org.eclipse.osgi.framework.internal.core.AbstractBundle$BundleStatusException
	at org.eclipse.osgi.framework.internal.core.AbstractBundle.beginStateChange(AbstractBundle.java:1088)
	at org.eclipse.osgi.framework.internal.core.AbstractBundle.start(AbstractBundle.java:298)
	at org.eclipse.osgi.framework.util.SecureAction.start(SecureAction.java:440)
	at org.eclipse.osgi.internal.loader.BundleLoader.setLazyTrigger(BundleLoader.java:263)
	at org.eclipse.core.runtime.internal.adaptor.EclipseLazyStarter.postFindLocalClass(EclipseLazyStarter.java:107)
	at org.eclipse.osgi.baseadaptor.loader.ClasspathManager.findLocalClass(ClasspathManager.java:469)
	at org.eclipse.osgi.internal.baseadaptor.DefaultClassLoader.findLocalClass(DefaultClassLoader.java:216)
	at org.eclipse.osgi.internal.loader.BundleLoader.findLocalClass(BundleLoader.java:395)
	at org.eclipse.osgi.internal.loader.SingleSourcePackage.loadClass(SingleSourcePackage.java:35)
	at org.eclipse.osgi.internal.loader.BundleLoader.findClassInternal(BundleLoader.java:461)
	at org.eclipse.osgi.internal.loader.BundleLoader.findClass(BundleLoader.java:421)
	at org.eclipse.osgi.internal.loader.BundleLoader.findClass(BundleLoader.java:412)
	at org.eclipse.osgi.internal.baseadaptor.DefaultClassLoader.loadClass(DefaultClassLoader.java:107)
	at java.lang.ClassLoader.loadClass(ClassLoader.java:247)
	at org.eclipse.pde.internal.core.builders.XMLErrorReporter.<init>(XMLErrorReporter.java:71)
	at org.eclipse.pde.internal.core.builders.ManifestErrorReporter.<init>(ManifestErrorReporter.java:30)
	at org.eclipse.pde.internal.core.builders.ExtensionsErrorReporter.<init>(ExtensionsErrorReporter.java:37)
	at org.eclipse.pde.internal.core.builders.ManifestConsistencyChecker.validateFiles(ManifestConsistencyChecker.java:286)
	at org.eclipse.pde.internal.core.builders.ManifestConsistencyChecker.validateProject(ManifestConsistencyChecker.java:223)
	at org.eclipse.pde.internal.core.builders.ManifestConsistencyChecker.build(ManifestConsistencyChecker.java:157)
	at org.eclipse.core.internal.events.BuildManager$2.run(BuildManager.java:728)
	at org.eclipse.core.runtime.SafeRunner.run(SafeRunner.java:42)
	at org.eclipse.core.internal.events.BuildManager.basicBuild(BuildManager.java:199)
	at org.eclipse.core.internal.events.BuildManager.basicBuild(BuildManager.java:239)
	at org.eclipse.core.internal.events.BuildManager$1.run(BuildManager.java:292)
	at org.eclipse.core.runtime.SafeRunner.run(SafeRunner.java:42)
	at org.eclipse.core.internal.events.BuildManager.basicBuild(BuildManager.java:295)
	at org.eclipse.core.internal.events.BuildManager.basicBuildLoop(BuildManager.java:351)
	at org.eclipse.core.internal.events.BuildManager.build(BuildManager.java:374)
	at org.eclipse.core.internal.events.AutoBuildJob.doBuild(AutoBuildJob.java:143)
	at org.eclipse.core.internal.events.AutoBuildJob.run(AutoBuildJob.java:241)
	at org.eclipse.core.internal.jobs.Worker.run(Worker.java:54)

!ENTRY org.eclipse.ui 2 2 2012-07-26 16:15:01.799
!MESSAGE Invalid property category path: ValidationPropertiesPage (bundle: org.eclipse.wst.xml.ui, propertyPage: org.eclipse.wst.xml.ui.propertyPage.project.validation)
